\BOOKMARK [0][-]{chapter.1}{\376\377\000I\000n\000t\000r\000o\000d\000u\000c\000t\000i\000o\000n}{}% 1
\BOOKMARK [1][-]{section.1.1}{\376\377\000B\000i\000o\000i\000n\000f\000o\000r\000m\000a\000t\000i\000c\000s}{chapter.1}% 2
\BOOKMARK [2][-]{subsection.1.1.1}{\376\377\000T\000h\000e\000\040\000h\000u\000m\000a\000n\000\040\000g\000e\000n\000o\000m\000e}{section.1.1}% 3
\BOOKMARK [1][-]{section.1.2}{\376\377\000I\000n\000v\000o\000l\000v\000e\000m\000e\000n\000t\000\040\000o\000f\000\040\000c\000o\000m\000p\000u\000t\000e\000r\000\040\000s\000c\000i\000e\000n\000c\000e}{chapter.1}% 4
\BOOKMARK [2][-]{subsection.1.2.1}{\376\377\000D\000a\000t\000a\000b\000a\000s\000e\000s}{section.1.2}% 5
\BOOKMARK [2][-]{subsection.1.2.2}{\376\377\000P\000r\000o\000g\000r\000a\000m}{section.1.2}% 6
\BOOKMARK [2][-]{subsection.1.2.3}{\376\377\000A\000l\000g\000o\000r\000i\000t\000h\000m}{section.1.2}% 7
\BOOKMARK [0][-]{chapter.2}{\376\377\000S\000c\000i\000e\000n\000t\000i\000f\000i\000c\000\040\000l\000i\000t\000e\000r\000a\000t\000u\000r\000e}{}% 8
\BOOKMARK [1][-]{section.2.1}{\376\377\000L\000i\000t\000e\000r\000a\000t\000u\000r\000e\000\040\000s\000o\000u\000r\000c\000e\000s}{chapter.2}% 9
\BOOKMARK [2][-]{subsection.2.1.1}{\376\377\000P\000r\000i\000m\000a\000r\000y\000\040\000l\000i\000t\000e\000r\000a\000t\000u\000r\000e}{section.2.1}% 10
\BOOKMARK [2][-]{subsection.2.1.2}{\376\377\000S\000e\000c\000o\000n\000d\000a\000r\000y\000\040\000l\000i\000t\000e\000r\000a\000t\000u\000r\000e}{section.2.1}% 11
\BOOKMARK [1][-]{section.2.2}{\376\377\000S\000t\000r\000u\000c\000t\000u\000r\000e\000\040\000o\000f\000\040\000a\000\040\000s\000c\000i\000e\000n\000t\000i\000f\000i\000c\000\040\000a\000r\000t\000i\000c\000l\000e}{chapter.2}% 12
\BOOKMARK [1][-]{section.2.3}{\376\377\000I\000m\000p\000a\000c\000t\000\040\000m\000e\000a\000s\000u\000r\000e\000s}{chapter.2}% 13
\BOOKMARK [2][-]{subsection.2.3.1}{\376\377\000I\000m\000p\000a\000c\000t\000\040\000o\000f\000\040\000a\000\040\000j\000o\000u\000r\000n\000a\000l}{section.2.3}% 14
\BOOKMARK [2][-]{subsection.2.3.2}{\376\377\000P\000e\000r\000s\000o\000n\000a\000l\000\040\000i\000m\000p\000a\000c\000t}{section.2.3}% 15
\BOOKMARK [2][-]{subsection.2.3.3}{\376\377\000P\000e\000e\000r\000\040\000r\000e\000v\000i\000e\000w}{section.2.3}% 16
\BOOKMARK [0][-]{chapter.3}{\376\377\000B\000i\000o\000l\000o\000g\000i\000c\000a\000l\000\040\000d\000a\000t\000a\000b\000a\000s\000e\000s}{}% 17
\BOOKMARK [1][-]{section.3.1}{\376\377\000I\000n\000t\000r\000o\000d\000u\000c\000t\000i\000o\000n}{chapter.3}% 18
\BOOKMARK [2][-]{subsection.3.1.1}{\376\377\000C\000l\000a\000s\000s\000i\000f\000i\000c\000a\000t\000i\000o\000n\000\040\000o\000f\000\040\000d\000a\000t\000a\000b\000a\000s\000e\000s}{section.3.1}% 19
\BOOKMARK [2][-]{subsection.3.1.2}{\376\377\000D\000a\000t\000a\000\040\000s\000o\000u\000r\000c\000e\000s}{section.3.1}% 20
\BOOKMARK [2][-]{subsection.3.1.3}{\376\377\000N\000o\000m\000e\000n\000c\000l\000a\000t\000u\000r\000e}{section.3.1}% 21
\BOOKMARK [2][-]{subsection.3.1.4}{\376\377\000R\000e\000f\000e\000r\000e\000n\000c\000e\000\040\000g\000e\000n\000o\000m\000e}{section.3.1}% 22
\BOOKMARK [2][-]{subsection.3.1.5}{\376\377\000P\000o\000p\000u\000l\000a\000r\000\040\000d\000a\000t\000a\000b\000a\000s\000e\000s}{section.3.1}% 23
\BOOKMARK [2][-]{subsection.3.1.6}{\376\377\000G\000e\000n\000B\000a\000n\000k}{section.3.1}% 24
\BOOKMARK [2][-]{subsection.3.1.7}{\376\377\000R\000e\000f\000S\000e\000q}{section.3.1}% 25
\BOOKMARK [2][-]{subsection.3.1.8}{\376\377\000U\000n\000i\000P\000r\000o\000t}{section.3.1}% 26
\BOOKMARK [2][-]{subsection.3.1.9}{\376\377\000O\000t\000h\000e\000r\000s}{section.3.1}% 27
\BOOKMARK [2][-]{subsection.3.1.10}{\376\377\000G\000e\000n\000o\000m\000e\000\040\000b\000r\000o\000w\000s\000e\000r}{section.3.1}% 28
\BOOKMARK [0][-]{chapter.4}{\376\377\000M\000o\000t\000i\000f\000\040\000a\000n\000a\000l\000y\000s\000i\000s}{}% 29
\BOOKMARK [0][-]{chapter.5}{\376\377\000E\000x\000p\000r\000e\000s\000s\000i\000o\000n\000\040\000a\000n\000a\000l\000y\000s\000i\000s}{}% 30
\BOOKMARK [0][-]{chapter.6}{\376\377\000G\000e\000n\000e\000\040\000s\000e\000t\000\040\000e\000n\000r\000i\000c\000h\000m\000e\000n\000t}{}% 31
\BOOKMARK [0][-]{chapter.7}{\376\377\000N\000e\000t\000w\000o\000r\000k\000\040\000a\000n\000a\000l\000y\000s\000i\000s}{}% 32
\BOOKMARK [0][-]{chapter.8}{\376\377\000G\000e\000n\000o\000m\000e\000\040\000w\000i\000d\000e\000\040\000a\000s\000s\000o\000c\000i\000a\000t\000i\000o\000n\000\040\000s\000t\000u\000d\000i\000e\000s}{}% 33
